<?xml version='1.0' encoding='UTF-8' ?>
<testsuite name="com.example.lunchtray.OrderFunctionalityTests" tests="10" failures="0" errors="0" skipped="0" time="37.016" timestamp="2023-12-04T19:10:01" hostname="localhost">
  <properties>
    <property name="device" value="Pixel_5_API_31(AVD) - 12" />
    <property name="flavor" value="" />
    <property name="project" value=":app" />
  </properties>
  <testcase name="radio_buttons_update_side_menu_subtotal" classname="com.example.lunchtray.OrderFunctionalityTests" time="3.316" />
  <testcase name="order_reset_after_cancel_from_accompaniment_menu" classname="com.example.lunchtray.OrderFunctionalityTests" time="3.999" />
  <testcase name="subtotal_updates_in_full_order_flow" classname="com.example.lunchtray.OrderFunctionalityTests" time="3.078" />
  <testcase name="order_snackbar" classname="com.example.lunchtray.OrderFunctionalityTests" time="3.395" />
  <testcase name="order_reset_after_cancel_from_entree_menu" classname="com.example.lunchtray.OrderFunctionalityTests" time="2.32" />
  <testcase name="subtotal_tax_total_in_checkout" classname="com.example.lunchtray.OrderFunctionalityTests" time="3.775" />
  <testcase name="radio_buttons_update_accompaniment_menu_subtotal" classname="com.example.lunchtray.OrderFunctionalityTests" time="1.511" />
  <testcase name="order_reset_after_cancel_from_side_menu" classname="com.example.lunchtray.OrderFunctionalityTests" time="2.675" />
  <testcase name="radio_buttons_update_entree_menu_subtotal" classname="com.example.lunchtray.OrderFunctionalityTests" time="1.701" />
  <testcase name="order_reset_after_cancel_from_checkout" classname="com.example.lunchtray.OrderFunctionalityTests" time="3.751" />
</testsuite>